Loading Freebase...Loading Lucene Index...Complete!
Complete!
Loading Wiki Aliases...Complete!
Loading Reverb Entity List...Complete!
U.S. matches: 
/m/09c7w0	united states	68.39999999999999
/m/0d0xs	u.s. state	44.3052
/m/07tm8	u	36.141119999999994
/m/07vk2	university of sydney	30.17232
/m/02rjz5	u.c. sampdoria	29.748959999999997

	0.6666666666666666%
Friday matches: 
/m/0f7z4	friday	36.151199999999996
/m/0q9v2	fridays	36.048959999999994
/m/02jxrw	frida	30.088799282627107
/m/0tk6q	ferriday, louisiana	24.3378
/m/01tdlv	friar	24.060958565855024

	1.3333333333333333%
Libya matches: 
/m/04gqr	libya	71.5644
/m/09tjjw	qibya	28.80460842922211
/m/024szp	croatian popular party	25.931520386409762
/m/0466jp	libya national football team	7.2770399999999995
/m/0lrkg	cyrene, libya	7.26912

	2.0%
Williams matches: 
/m/086x3	williamsf1	30.487680454301834
/m/0dfr9	william carlos williams	14.675040000000001
/m/01yz4c	william grover-williams	14.451120000000001
/m/012g7d	william fenwick williams	14.438879999999997
/m/04l6vy	william appleman williams	14.437439999999999

	2.6666666666666665%
Gadhafi matches: 
/m/0dxvs	muammar al-gaddafi	32.876639999999995
/m/0g18j2	madhavi	25.732286327791208
/m/0f1g_l	gadhada	25.72148632753372
/m/0cth7t	anafi	20.586238772964478
/m/05jqtw	gaddafi stadium	6.262765776500701

	3.3333333333333335%
Anthony matches: 
/m/02dmh0	antony	30.888617449707983
/m/0cc8kfs	anthonie	27.00108
/m/0z4s	anthony hopkins	7.74216
/m/0m27	anthony eden	7.55208
/m/0d4jl	anthony burgess	7.51968

	4.0%
Libyan matches: 
/m/04gqr	libya	71.5644
/m/04hzj	liberia	21.704399999999996
/m/0bcqmj	john fabyan parrott	21.61919871139526
/m/024szp	croatian popular party	21.609598711967468
/m/01cm84	libyan airlines	7.274159999999999

	4.666666666666667%
Michigan matches: 
/m/04rrx	michigan	46.825919999999996
/m/02k04x	michiana	27.03024
/m/01btry	michoacan	24.039838567113872
/m/055gy	fujiwara no michinaga	21.64511870985031
/m/02dtg	detroit, michigan	14.780159999999999

	5.333333333333333%
Protesters matches: 
/m/01nd_n	protest	68.44247999999999
/m/01x7t4	forester	47.89108718441962
/m/0268fm_	protectors	28.80921642929077
/m/0670m	promoter	25.219655570511815
/m/058_gs	tax protester (united states)	7.290719999999999

	6.0%
American matches: 
/m/04q7gbh	americans	36.00432
/m/07c5l	americas	33.386849999999995
/m/0176ln	americana	32.209280239977836
/m/02w2k97	americanos	32.00256023843765
/m/01dsz6	americal division	28.42497

	6.666666666666667%
No. matches: 
/m/02z8bfv	no	32.43096
/m/02t0cj	nob	24.01103856883049
/m/01xg69	nuclear overhauser effect	21.614878711652754
/m/03cln4d	nobuo yamada	21.608638712024685
/m/08pzk4	no (song)	7.220879999999999

	7.333333333333333%
Google matches: 
/m/045c7b	google	38.233439999999995
/m/01m_s8	goole	30.118199281926156
/m/01y5hs	googie architecture	27.042599355254172
/m/0826w7	bogle	24.00479856920242
/m/055t58	google maps	7.97688

	8.0%
It&rsquo matches: 
/m/0159t	bit	24.020158568286895
/m/01dnrc	fits	24.018718568372726
/m/01nxb_	it (novel)	7.2820800000000006
/m/032xky	it (1990 film)	7.247520000000001
/m/01nxbn	it (1927 film)	7.216559999999999

	8.666666666666666%
Mizioch matches: 
/m/096p6	antioch	21.010421604824064
/m/0471by	arioch	20.587061630058287
/m/02_hxf	mizrachi (religious zionism)	4.522049999999999
/m/08fbhx	michael mizrachi	4.5153
/m/07dzxl	elijah mizrachi	4.511699999999999

	9.333333333333334%
Nets matches: 
/m/02rf1r4	nee	27.014580000000002
/m/026x_35	mets	27.00324
/m/02vymlf	etss	27.00054
/m/05g76	new york mets	26.94978
/m/034gb_	christian gottfried daniel nees von esenbeck	24.42258

	10.0%
Washington matches: 
/m/081yw	washington	43.82496
/m/022zk5	ashington	32.48229513951301
/m/02gqc0	withington	28.855296429977418
/m/0rh6k	washington, d.c.	27.6012
/m/0d9jr	seattle, washington	15.2496

	10.666666666666666%
Apollo matches: 
/m/0hd7	apollo	37.11096
/m/01081	apollos	36.0252
/m/04kzxk	apolo	30.008999284529686
/m/06kjps	rapolla	25.722000613260267
/m/0q3w	project apollo	7.98264

	11.333333333333334%
Ecuador matches: 
/m/02k1b	ecuador	74.96567999999999
/m/015ffx	eriador	25.81971490130424
/m/0ggzqn	cellador	22.522049999999997
/m/03zj_3	ecuador national football team	7.5088799999999996
/m/02rvjw	cuenca, ecuador	7.2791999999999994

	12.0%
Democrats matches: 
/m/026wp	democracy	55.066752820558555
/m/0d075m	democratic party (united states)	34.56000051498413
/m/0290q	democritus	28.931904431118966
/m/07wf9	democratic-republican party (united states)	12.1622401812315
/m/04fqzv	alliance for democracy and federation-african democratic rally	11.524608171730042

	12.666666666666666%
United States matches: 
/m/09c7w0	united states	72.0
/m/0fqj4	united states census bureau	44.43336
/m/07ssc	united kingdom	43.199999999999996
/m/027v23	united states census, 2000	42.53256
/m/07wg3	united states navy	31.20552

	13.333333333333334%
Comments matches: 
/m/01s2x	comment	36.01224
/m/05b6t3m	commons	27.045900000000003
/m/0417pnq	commins	27.00054
/m/06q5zy	commin	27.00054
/m/03ljr	british house of commons	9.43002

	14.0%
Hocutt matches: 
/m/024sv	charles f. hockett	23.161371980781553
/m/0r62g	orcutt, california	21.615838711595533
/m/0b8x4d	kirby hocutt	7.207199999999999
/m/0dpqmd	oris hockett	5.150057265644072
/m/0524b30	hockett meadow ranger station	5.143371551198959

	14.666666666666666%
Obama matches: 
/m/02mjmr	barack obama	33.60384
/m/0289rt9	obara	28.80115242917061
/m/05q3w3h	obana	28.800576429162025
/m/05mg9	osama bin laden	27.00288040237427
/m/047qllg	barack obama presidential campaign, 2008	7.27776

	15.333333333333334%
Clearwire matches: 
/m/0c5wjk	clearwire	36.023039999999995
/m/01ybz2	rational clearcase	21.62303871116638
/m/0rqyx	clearwater, florida	5.319719909405707
/m/012lfr	creedence clearwater revival	5.316191909465789
/m/0nhsn	clearwater county, minnesota	5.101991913113593

	16.0%
America matches: 
/m/07c5l	americas	38.1564
/m/047lvr	camerica	31.52079
/m/04q7gbh	americans	31.50378
/m/01dsz6	americal division	28.42497
/m/059g4	north america	21.654

	16.666666666666668%
Mr. Stein matches: 
/m/018p2w	erich von manstein	24.396660000000004
/m/0gs7x	gertrude stein	7.500959999999999
/m/01n1gc	ben stein	7.341119999999999
/m/0393j4	jock stein	7.297199999999999
/m/09g9h_	clifford stein	7.2885599999999995

	17.333333333333332%
Van Winkle matches: 
/m/03cy3ph	van winkle	36.005039999999994
/m/03fxvd	twinkle	21.60259285840988
/m/052fwd	bullwinkle j. moose	19.465920773506163
/m/01kfq8	rip van winkle	7.2770399999999995
/m/0cwjb5	peter g. van winkle	7.22448

	18.0%
Christchurch matches: 
/m/02yc5b	christchurch	37.6992
/m/04l_vd	eastchurch	24.015838568544385
/m/026nymm	christer	21.000421430540083
/m/02pqtw	robert christgau	19.71144134273529
/m/01dg2n	christchurch, dorset	7.329599999999999

	18.666666666666668%
Tripoli matches: 
/m/07p7g	tripoli	36.93096
/m/02fyn4	tripoli, greece	7.401599999999999
/m/01np92	tripoli, lebanon	7.401599999999999
/m/01l__z	county of tripoli	7.341119999999999
/m/0f17q_	al ahly tripoli	7.2842400000000005

	19.333333333333332%
Americans matches: 
/m/04q7gbh	americans	36.00432
/m/07c5l	americas	33.91680025269985
/m/0176ln	americana	32.209280239977836
/m/02w2k97	americanos	32.00256023843765
/m/02q55zl	americanese	29.476930713872907

	20.0%
He&rsquo matches: 
/m/07jnkp	hed	24.001438569402694
/m/05wbpf	he (letter)	7.25688
/m/076zq5	he (surname)	7.2252
/m/0d3ryn	he (kana)	7.2108
/m/06149n	he (song)	7.21008

	20.666666666666668%
Jackson matches: 
/m/09889g	michael jackson	9.87768
/m/0gbwp	janet jackson	8.4924
/m/0rlz	andrew jackson	8.41536
/m/043yj	jackson, mississippi	8.2296
/m/015srx	the jackson 5	7.8818399999999995

	21.333333333333332%
Thursday matches: 
/m/0f7zn	thursday	36.16272
/m/0f7_n	tuesday	27.116100000000003
/m/014th2	thurstan	27.034560000000003
/m/08198g	thisday	27.023220000000002
/m/02wxp3	lilian thuram	20.314349999999997

	22.0%
Mr. Galliano matches: 
/m/03d61w	semigallians	21.019321431827546
/m/02jkh6	john galliano	7.29648
/m/01mghp3	richard galliano	7.217279999999999
/m/0tl86	galliano, louisiana	7.21584
/m/03hmf1c	galliano rossini	7.209359999999999

	22.666666666666668%
Aldawsari matches: 
/m/01f7pf	aldabra	20.037200955448153
/m/05fbsm	aldair	20.021600954704283
/m/06dntc	john baldessari	5.057639913868903
/m/0gt94l	dasari narayana rao	4.833119711923599
/m/026hr04	dci vikesh dasari	4.803839713668823

	23.333333333333332%
Saleh matches: 
/m/024b5t	saleh	36.02088
/m/01_40w	salah	28.92326443099022
/m/014dgf	sales	28.890432430500983
/m/01v_zw1	laleh	28.81267242934227
/m/08w2_t	sadeh	28.80921642929077

	24.0%
Gabbert matches: 
/m/0f4f4t	gabbert	36.00288
/m/017s4f	gabber	30.924411735777852
/m/049yxl	daubert standard	23.170629123859403
/m/03ysj9	john gabbert bowman	7.219439999999999
/m/07kjlws	blaine gabbert	7.20144

	24.666666666666668%
Perplexus matches: 
/m/0q02d	plexus	24.00479856920242
/m/015pwv	perpetua and felicity	21.64223871002197
/m/04n7g	lexus	20.138800960292816
/m/02w0xq8	cranopsis perplexus	7.205759999999999
/m/02wzjhk	amphicyclotulus perplexus	7.20216

	25.333333333333332%
Jacoby matches: 
/m/043ks	jacob	30.40799927501678
/m/01ng8r	jacobins	25.722514898986812
/m/0gzbbq	jacoby ellsbury	7.254
/m/07y006	oswald jacoby	7.243919999999999
/m/09r3l9	joe jacoby	7.230239999999999

	26.0%
Davis matches: 
/m/02cvn	david	30.74999926686287
/m/050hfy	datis	28.820736429462436
/m/01ldst	edgar davids	27.070199354596134
/m/029701	david davis (supreme court justice)	14.47128
/m/01zg17	david davis (british politician)	14.46552

	26.666666666666668%
Chinese matches: 
/m/0fh5vk	chinthe	25.731257756338117
/m/0138mv	udinese calcio	23.688514850492474
/m/01r2l	chinese language	12.448080000000001
/m/01mw7r	simplified chinese	8.7876
/m/0mmzb	chinese character	8.7264

	27.333333333333332%
New Jersey matches: 
/m/05fjf	new jersey	48.87575999999999
/m/03_xj	jersey	22.216464882802963
/m/03gq2cr	mersey	18.031679999999998
/m/05l108	david keirsey	16.218719999999998
/m/0hptm	newark, new jersey	9.33768

	28.0%
Johnson matches: 
/m/01t6ws	johnson	36.054719999999996
/m/01lj2j	johnston	31.50693
/m/07___0	johnsson	31.500629999999997
/m/0641594	johnsons, california	28.35189
/m/0f7fy	lyndon b. johnson	9.086400000000001

	28.666666666666668%
Wal-Mart matches: 
/m/0841v	wal-mart	37.70928
/m/04d2dv	clamart	22.51755
/m/060x8c	familymart	21.617280858993528
/m/01pchf	shoppers drug mart	7.28712
/m/01gk7f	kwik-e-mart	7.2842400000000005

	29.333333333333332%
Ingram matches: 
/m/0p53	anagram	25.730743470611568
/m/0hj3m	anagrams	25.724572041893005
/m/01jgkj2	james ingram	7.33104
/m/01mrqyy	jack ingram	7.31736
/m/08q_l7	jack ingram (nascar)	7.241759999999999

	30.0%
Kennedy matches: 
/m/0fbrl	kennedy family	39.745439999999995
/m/0d3k14	john f. kennedy	10.17864
/m/0194xc	ted kennedy	8.02584
/m/0p1l2	john f. kennedy international airport	7.941599999999999
/m/045z8	kennedy space center	7.9128

	30.666666666666668%
Carney matches: 
/m/015qt5	art carney	7.350479999999999
/m/07zpt7	chris carney	7.25688
/m/0879xc	david carney	7.25256
/m/057jcc	carney lansford	7.25256
/m/06cwlx	john michael carney	7.24104

	31.333333333333332%
Australia matches: 
/m/0chghy	australia	72.0
/m/0847q	western australia	12.594240000000001
/m/062qg	perth, western australia	11.72592
/m/06mtq	south australia	11.205359999999999
/m/04p4r	liberal party of australia	10.58832

	32.0%
HP matches: 
/m/03mnk	hewlett-packard	33.79392
/m/03n12	horsepower	33.16536
/m/0g5y6	hungarian people	30.89808
/m/078ffw	harry potter	30.247199999999996
/m/0jmwg	hardcore punk	30.06864

	32.666666666666664%
Ms. Stewart matches: 
/m/0gkxjc	stewarts	25.208063570709225
/m/027cwp	portstewart	22.934748700332637
/m/06d9t7	walter stewart, 6th high steward of scotland	14.42952
/m/09nlbp	james stewart, 5th high steward of scotland	14.42016
/m/09wqxj	walter stewart, 3rd high steward of scotland	14.41944

	33.333333333333336%
Egypt matches: 
/m/02k54	egypt	48.4524
/m/025tvhm	egyptians	22.910849999999996
/m/01v9l1	egyptair	22.59675
/m/0kdfh	aegyptus	22.5378
/m/01f116	crypt	21.610800858736038

	34.0%
Egyptian matches: 
/m/025tvhm	egyptians	36.65736
/m/02k54	egypt	30.282749999999997
/m/01v9l1	egyptair	22.59675
/m/07p1_f	aptian	22.55445
/m/0dfv1	egyptian hieroglyphs	7.6356

	34.666666666666664%
Mubarak matches: 
/m/0dnps	hosni mubarak	32.640480000000004
/m/02s3f1	barak	25.740000613689418
/m/08thcz	jehan mubarak	7.2446399999999995
/m/09980p	mubarak al-sabah	7.2259199999999995
/m/08p2c_	mubarak hassan shami	7.2216

	35.333333333333336%
Facebook matches: 
/m/03ff00	gamebook	45.60671728162765
/m/02y1vz	facebook	36.50328
/m/09tzjm	macbook	27.09612
/m/04df57	matchbook	24.00527856917381
/m/07qtd3	abebooks	22.515749999999997

	36.0%
Egyptians matches: 
/m/025tvhm	egyptians	36.65736
/m/01v9l1	egyptair	24.103198563337326
/m/015g6g	elymians	24.019678568315502
/m/0kdfh	aegyptus	20.03360095527649
/m/0dfv1	egyptian hieroglyphs	7.6356

	36.666666666666664%
Libya matches: 
/m/04gqr	libya	71.5644
/m/09tjjw	qibya	28.80460842922211
/m/024szp	croatian popular party	25.931520386409762
/m/0466jp	libya national football team	7.2770399999999995
/m/0lrkg	cyrene, libya	7.26912

	37.333333333333336%
Muslim Brotherhood matches: 
/m/056rs	muslim brotherhood	36.29448
/m/01b5kq	muslim world	7.565759999999999
/m/0q245	pre-raphaelite brotherhood	7.500959999999999
/m/02kn_p	muslim league	7.48872
/m/01s87m	brotherhood of mutants	7.42392

	38.0%
Google matches: 
/m/045c7b	google	38.233439999999995
/m/01m_s8	goole	30.118199281926156
/m/01y5hs	googie architecture	27.042599355254172
/m/0826w7	bogle	24.00479856920242
/m/055t58	google maps	7.97688

	38.666666666666664%
Protesters matches: 
/m/01nd_n	protest	68.44247999999999
/m/01x7t4	forester	47.89108718441962
/m/0268fm_	protectors	28.80921642929077
/m/0670m	promoter	25.219655570511815
/m/058_gs	tax protester (united states)	7.290719999999999

	39.333333333333336%
Wael Ghonim matches: 
/m/02rwysg	wael hallaq	7.21152
/m/026vdhs	wael gomaa	7.2108
/m/05mt5gc	wael kfoury	7.209359999999999
/m/0gbtmm	abdel wael zwaiter	7.209359999999999
/m/028sly	wael abdul latif	7.20864

	40.0%
American matches: 
/m/04q7gbh	americans	36.00432
/m/07c5l	americas	33.386849999999995
/m/0176ln	americana	32.209280239977836
/m/02w2k97	americanos	32.00256023843765
/m/01dsz6	americal division	28.42497

	40.666666666666664%
Tunisia matches: 
/m/07fj_	tunisia	71.45136
/m/01__wg	tunisair	27.06156
/m/03_r_5	tunisia national football team	7.4304
/m/03mwlq	tunisia campaign	7.31016
/m/02_pwl	monastir, tunisia	7.239599999999999

	41.333333333333336%
U.S. matches: 
/m/09c7w0	united states	68.39999999999999
/m/0d0xs	u.s. state	44.3052
/m/07tm8	u	36.141119999999994
/m/07vk2	university of sydney	30.17232
/m/02rjz5	u.c. sampdoria	29.748959999999997

	42.0%
Cairo matches: 
/m/01w2v	cairo	39.15504
/m/01q9zb	csiro	29.054016432938578
/m/021ff	cairn	28.82016042945385
/m/0cdvg2	caro	28.80115242917061
/m/014_q8	council on american-islamic relations	26.041536388049128

	42.666666666666664%
Israel matches: 
/m/03spz	israel	51.11784
/m/09s93	israel defense forces	8.76168
/m/0f_yw4	2006 israel-lebanon conflict	7.98696
/m/0672d	prime minister of israel	7.727039999999999
/m/01k1xh	land of israel	7.703999999999999

	43.333333333333336%
Tahrir Square matches: 
/m/0b02kv	american foursquare	17.46243781522751
/m/0gmrpm	tahrir square development	14.403599999999999
/m/01dycg	square enix	9.08136
/m/0j_66	madison square garden	8.66376
/m/070ny	square co.	8.09136

	44.0%
Arab matches: 
/m/0xff	arab	39.67344
/m/0bjwcj	arab	36.00144
/m/0pjp	ahab	27.079920000000005
/m/03mql4	aalborg boldspilklub	24.57702
/m/058x4k	ahab the arab	14.410079999999999

	44.666666666666664%
United States matches: 
/m/09c7w0	united states	72.0
/m/0fqj4	united states census bureau	44.43336
/m/07ssc	united kingdom	43.199999999999996
/m/027v23	united states census, 2000	42.53256
/m/07wg3	united states navy	31.20552

	45.333333333333336%
Bahrain matches: 
/m/0161c	bahrain	70.18991999999999
/m/025s0vl	bahman	25.742572042322156
/m/045346	bahrain national football team	7.306559999999999
/m/0byt_b	2006 bahrain grand prix	7.291440000000001
/m/03s3q2	bahrain international circuit	7.26624

	46.0%
Demonstrators matches: 
/m/021hk4	demonstrative	27.711138957052228
/m/045lr3	remonstrants	24.956474507274628
/m/0fx7lt	persistent munition technology demonstrator	7.207919999999999
/m/0g98y6	dcl technology demonstrator programme	7.207199999999999
/m/026t5yx	new technologies demonstrator programme	7.203600000000001

	46.666666666666664%
Libyan matches: 
/m/04gqr	libya	71.5644
/m/04hzj	liberia	21.704399999999996
/m/0bcqmj	john fabyan parrott	21.61919871139526
/m/024szp	croatian popular party	21.609598711967468
/m/01cm84	libyan airlines	7.274159999999999

	47.333333333333336%
Kamel matches: 
/m/01x_v	camel	28.886400430440904
/m/0brxbf	kabel	28.80288042919636
/m/04rvb8	jamel debbouze	25.94649638663292
/m/044bc1	customised applications for mobile networks enhanced logic	25.934400386452676
/m/08470v	abdullah kamel abdullah kamel al kandari	7.22232

	48.0%
Friday matches: 
/m/0f7z4	friday	36.151199999999996
/m/0q9v2	fridays	36.048959999999994
/m/02jxrw	frida	30.088799282627107
/m/0tk6q	ferriday, louisiana	24.3378
/m/01tdlv	friar	24.060958565855024

	48.666666666666664%
Internet matches: 
/m/03rlt	internet	41.236560000000004
/m/04pxqq	internets	36.015119999999996
/m/01yd05	internet2	32.054400238823895
/m/09g4jx	interfet	31.58505
/m/09g_dm	interjet	31.52394

	49.333333333333336%
Feb. matches: 
/m/02xx5	february	34.36344
/m/0gcvz6	federation of belgian enterprises	32.42952
/m/03fk6m	fee	24.011998568773265
/m/0bhk96	feds	24.01007856888771
/m/02xmb	federal reserve	22.047838685846326

	50.0%
Gadafy matches: 
/m/0f1gyw	gadag	24.031198567628856
/m/09hjyc	gadap	24.00479856920242
/m/0dxvs	muammar al-gaddafi	23.483314845600123
/m/036c6y	constantine p. cavafy	21.653278709363935
/m/05jqtw	gaddafi stadium	5.218971553001403

	50.666666666666664%
Americans matches: 
/m/04q7gbh	americans	36.00432
/m/07c5l	americas	33.91680025269985
/m/0176ln	americana	32.209280239977836
/m/02w2k97	americanos	32.00256023843765
/m/02q55zl	americanese	29.476930713872907

	51.333333333333336%
Russia matches: 
/m/06bnz	russia	67.36608
/m/0c2sf	peter i of russia	8.125919999999999
/m/0c1v2	catherine ii of russia	8.080559999999998
/m/05hks	nicholas ii of russia	8.01864
/m/0r8f	alexander i of russia	7.74216

	52.0%
Indonesia matches: 
/m/04w0h	micronesia	48.227759178686135
/m/03ryn	indonesia	47.4048
/m/097kp	indonesian language	30.010823204984664
/m/0dvd2b	indosiar	24.018718568372726
/m/0dwqgr	indophobia	21.618576859045028

	52.666666666666664%
Muslims matches: 
/m/04y29	muslim	74.94336
/m/01b5kq	muslim world	7.565759999999999
/m/056rs	muslim brotherhood	7.49448
/m/02kn_p	muslim league	7.48872
/m/02dbz_	muslims by nationality	7.46424

	53.333333333333336%
The Egyptian matches: 
/m/01m75v	the egyptian	36.02016
/m/025tvhm	egyptians	24.438238543367383
/m/0dfv1	egyptian hieroglyphs	7.6356
/m/02sxh	egyptian mythology	7.596
/m/0cn75	egyptian language	7.59168

	54.0%
Cameron matches: 
/m/01nln	cameroon	34.45911
/m/01n9lb	cameroun	31.566149999999997
/m/01n9ny	cameroons	31.564259999999997
/m/0h3dqx	camelon	30.870720306673046
/m/0b58xm	79th regiment of foot	28.35756

	54.666666666666664%
Ghonim matches: 
/m/03my0k	geonim	30.08219928278446
/m/04r911	slonim	24.040318567085265
/m/039v_4	ghoti	24.0057585691452
/m/069tj4	ghotis	24.002878569316863
/m/01w7dh	concepts in the wheel of time series	21.61823871145248

	55.333333333333336%
North Africa matches: 
/m/05g2v	north africa	38.42856
/m/0hzlz	south africa	25.93656
/m/095ff	northumbria	24.497758539819714
/m/0dg3n1	africa	23.19624
/m/02hcv8	north american eastern time zone	21.77424

	56.0%
Hosni Mubarak matches: 
/m/0dnps	hosni mubarak	36.24048
/m/08thcz	jehan mubarak	7.2446399999999995
/m/09980p	mubarak al-sabah	7.2259199999999995
/m/08p2c_	mubarak hassan shami	7.2216
/m/07wjfw	tareq mubarak taher	7.220879999999999

	56.666666666666664%
Obama matches: 
/m/02mjmr	barack obama	33.60384
/m/0289rt9	obara	28.80115242917061
/m/05q3w3h	obana	28.800576429162025
/m/05mg9	osama bin laden	27.00288040237427
/m/047qllg	barack obama presidential campaign, 2008	7.27776

	57.333333333333336%
America matches: 
/m/07c5l	americas	38.1564
/m/047lvr	camerica	31.52079
/m/04q7gbh	americans	31.50378
/m/01dsz6	americal division	28.42497
/m/059g4	north america	21.654

	58.0%
The United States matches: 
/m/09c7w0	united states	82.8
/m/0fqj4	united states census bureau	44.43336
/m/07ssc	united kingdom	43.199999999999996
/m/027v23	united states census, 2000	42.53256
/m/07wg3	united states navy	31.20552

	58.666666666666664%
Tripoli matches: 
/m/07p7g	tripoli	36.93096
/m/02fyn4	tripoli, greece	7.401599999999999
/m/01np92	tripoli, lebanon	7.401599999999999
/m/01l__z	county of tripoli	7.341119999999999
/m/0f17q_	al ahly tripoli	7.2842400000000005

	59.333333333333336%
Khaled matches: 
/m/0661z	persian gulf	24.245486292343134
/m/096khq	khalden training camp	23.19171483864784
/m/0280d4q	khalidiyya	23.145943408985136
/m/01ssf9t	dj khaled	7.37424
/m/050f73	khaled (musician)	7.3332

	60.0%
Philippines matches: 
/m/05v8c	philippines	53.64359999999999
/m/01nwj9	president of the philippines	7.869599999999999
/m/01b1pf	university of the philippines	7.7565599999999995
/m/0197bk	philippine-american war	7.703999999999999
/m/01qxpk	house of representatives of the philippines	7.69752

	60.666666666666664%
Iran matches: 
/m/03shp	iran	49.942080000000004
/m/02gmz0	bran	27.02052
/m/0bgsbc	ian	27.0162
/m/03nnz64	brans	27.00378
/m/02rp8xy	grans	27.00216

	61.333333333333336%
Comments matches: 
/m/01s2x	comment	36.01224
/m/05b6t3m	commons	27.045900000000003
/m/0417pnq	commins	27.00054
/m/06q5zy	commin	27.00054
/m/03ljr	british house of commons	9.43002

	62.0%
The Brotherhood matches: 
/m/094bnk	brotherton	19.20614285522461
/m/0q245	pre-raphaelite brotherhood	7.500959999999999
/m/056rs	muslim brotherhood	7.49448
/m/01s87m	brotherhood of mutants	7.42392
/m/01__k7	irish republican brotherhood	7.3792800000000005

	62.666666666666664%
It&rsquo matches: 
/m/0159t	bit	24.020158568286895
/m/01dnrc	fits	24.018718568372726
/m/01nxb_	it (novel)	7.2820800000000006
/m/032xky	it (1990 film)	7.247520000000001
/m/01nxbn	it (1927 film)	7.216559999999999

	63.333333333333336%
Middle East matches: 
/m/04wsz	middle east	41.481359999999995
/m/023x0n	middleweight	24.13199856162071
/m/02zmtg	middleham	22.92604324593544
/m/0128_h	middelfart	22.92558506412506
/m/08ht1k	committee for accuracy in middle east reporting in america	14.523119999999999

	64.0%
TV matches: 
/m/07c52	television	35.03303999999999
/m/07d4d	treaty of versailles	29.681279999999997
/m/0389k0	tony visconti	29.05416
/m/03931x	terry venables	28.987920000000003
/m/047gmrf	tennessee volunteers	28.96416

	64.66666666666667%
Iranian matches: 
/m/0385p3	uranian	30.878743163895603
/m/01y0f1	ionians	25.770857757282254
/m/0c29q8	irani	25.73382918497085
/m/083q05	middle pleistocene	23.180914838390347
/m/01yvs_	iranian revolution	7.939439999999999

	65.33333333333333%
Gaddafi matches: 
/m/0dxvs	muammar al-gaddafi	32.876639999999995
/m/056pvm	gaddi	25.73382918497085
/m/05jqtw	gaddafi stadium	7.306559999999999
/m/04gh3g	saif al-islam al-gaddafi	7.226640000000001
/m/027b_k9	al-gaddafi international prize for human rights	7.203600000000001

	66.0%
Chinese matches: 
/m/0fh5vk	chinthe	25.731257756338117
/m/0138mv	udinese calcio	23.688514850492474
/m/01r2l	chinese language	12.448080000000001
/m/01mw7r	simplified chinese	8.7876
/m/0mmzb	chinese character	8.7264

	66.66666666666667%
Watson matches: 
/m/0718m2	watsons	36.01368
/m/03xhgq	batson v. kentucky	27.020999355769153
/m/027qxv1	colin waterson	24.30378
/m/02snqk	tom watson (golfer)	7.51392
/m/04jsnx	john watson (racing driver)	7.4556000000000004

	67.33333333333333%
IBM matches: 
/m/03sc8	ibm	39.27672
/m/09xfqm	international brotherhood of magicians	28.84536
/m/05sbd7	isabel briggs myers	28.837439999999997
/m/0wqx8	itta bena, mississippi	28.833119999999997
/m/034sj_	isaac burns murphy	28.81944

	68.0%
Australia matches: 
/m/0chghy	australia	72.0
/m/0847q	western australia	12.594240000000001
/m/062qg	perth, western australia	11.72592
/m/06mtq	south australia	11.205359999999999
/m/04p4r	liberal party of australia	10.58832

	68.66666666666667%
Libya matches: 
/m/04gqr	libya	71.5644
/m/09tjjw	qibya	28.80460842922211
/m/024szp	croatian popular party	25.931520386409762
/m/0466jp	libya national football team	7.2770399999999995
/m/0lrkg	cyrene, libya	7.26912

	69.33333333333333%
Comments matches: 
/m/01s2x	comment	36.01224
/m/05b6t3m	commons	27.045900000000003
/m/0417pnq	commins	27.00054
/m/06q5zy	commin	27.00054
/m/03ljr	british house of commons	9.43002

	70.0%
Duann matches: 
/m/0krpr	le duan	25.930944386401176
/m/05d3kd	duane ward	5.908032088036538
/m/01qyy3	duane allman	5.872320087504387
/m/08vrwv	dann huff	5.855040087246895
/m/02zwdp	diane duane	5.8504320871782305

	70.66666666666667%
Kaymer matches: 
/m/01k571	kayseri	25.897372046012876
/m/02x68s2	martin kaymer	7.2122399999999995
/m/02t_vx	david paymer	6.059399855532646
/m/03sq6z	greg raymer	6.050999855732918
/m/02htkf	aymer de valence, 2nd earl of pembroke	6.03299985616207

	71.33333333333333%
Boeing matches: 
/m/0178g	boeing	37.556639999999994
/m/015ns	being	30.035399283900258
/m/035cyx	ageing	24.11087856287956
/m/03qlw_f	boeny region	21.64943870959282
/m/01054g	boerne, texas	21.632158710622786

	72.0%
AIG matches: 
/m/02l48d	american international group	32.587199999999996
/m/033xg_	answers in genesis	32.57712
/m/0lj36	antiochus iii the great	28.998720000000002
/m/01rt3g	armed islamic group	28.929599999999997
/m/09l08	albert i of germany	28.908720000000002

	72.66666666666667%
Holmes matches: 
/m/05c55c	holmes2	32.41872
/m/010dwf	holmdel township, new jersey	23.212800553436278
/m/06rkl	sherlock holmes	8.301599999999999
/m/0bbf1f	katie holmes	7.44264
/m/02knb_	oliver wendell holmes, jr.	7.4124

	73.33333333333333%
Ogilvy matches: 
/m/03wg7m	william ogilby	27.072599354538916
/m/0159fw	mogilev	20.68580448131561
/m/02xwrc	mogilno	20.58418163022995
/m/01pn56	princess alexandra, the honourable lady ogilvy	7.355519999999999
/m/0bph_7	geoff ogilvy	7.2655199999999995

	74.0%
American matches: 
/m/04q7gbh	americans	36.00432
/m/07c5l	americas	33.386849999999995
/m/0176ln	americana	32.209280239977836
/m/02w2k97	americanos	32.00256023843765
/m/01dsz6	americal division	28.42497

	74.66666666666667%
U.S. matches: 
/m/09c7w0	united states	68.39999999999999
/m/0d0xs	u.s. state	44.3052
/m/07tm8	u	36.141119999999994
/m/07vk2	university of sydney	30.17232
/m/02rjz5	u.c. sampdoria	29.748959999999997

	75.33333333333333%
Mahan matches: 
/m/073tr	shah jahan	26.138304389491083
/m/01dv87	alfred thayer mahan	7.311599999999999
/m/02wh01	mahan class destroyer	7.24248
/m/021056	mahan air	7.241759999999999
/m/0c1hzy	kerrigan mahan	7.23888

	76.0%
Thursday matches: 
/m/0f7zn	thursday	36.16272
/m/0f7_n	tuesday	27.116100000000003
/m/014th2	thurstan	27.034560000000003
/m/08198g	thisday	27.023220000000002
/m/02wxp3	lilian thuram	20.314349999999997

	76.66666666666667%
Steinhubl matches: 
/m/0pc8w	steinburg	24.07199856519699
/m/018sr_	steinfurt	24.021598568201064
/m/0h1hn8	ernen	21.61823871145248
/m/0b_35z	sherri steinhauer	5.0757839135599125
/m/03mfz5j	steinhauer (edmonton)	5.046551914057731

	77.33333333333333%
America matches: 
/m/07c5l	americas	38.1564
/m/047lvr	camerica	31.52079
/m/04q7gbh	americans	31.50378
/m/01dsz6	americal division	28.42497
/m/059g4	north america	21.654

	78.0%
Tripoli matches: 
/m/07p7g	tripoli	36.93096
/m/02fyn4	tripoli, greece	7.401599999999999
/m/01np92	tripoli, lebanon	7.401599999999999
/m/01l__z	county of tripoli	7.341119999999999
/m/0f17q_	al ahly tripoli	7.2842400000000005

	78.66666666666667%
Republicans matches: 
/m/07wbk	republican party (united states)	43.199999999999996
/m/06f95	republicanism	30.612018793287277
/m/017v1j	republica	29.49754889555454
/m/07wf9	democratic-republican party (united states)	15.202800000000002
/m/01spy8	national republican party (united states)	8.58024

	79.33333333333333%
Bubba Watson matches: 
/m/026l9m6	bubba watson	36.01152
/m/09lwlk	brandtson	18.0144
/m/03xhgq	batson v. kentucky	16.2126
/m/02snqk	tom watson (golfer)	7.51392
/m/04jsnx	john watson (racing driver)	7.4556000000000004

	80.0%
Haddin matches: 
/m/0167bh	aladdin	25.877314902677533
/m/08brfg	brad haddin	7.2676799999999995
/m/02_4lg	guy maddin	6.070799855260849
/m/0xlsl	haddon township, new jersey	6.049199855775833
/m/029v9m	mark haddon	6.046199855847358

	80.66666666666667%
Johnson matches: 
/m/01t6ws	johnson	36.054719999999996
/m/01lj2j	johnston	31.50693
/m/07___0	johnsson	31.500629999999997
/m/0641594	johnsons, california	28.35189
/m/0f7fy	lyndon b. johnson	9.086400000000001

	81.33333333333333%
Ken Jennings matches: 
/m/038hhf	ken jennings	36.13536
/m/04mx32	evening	21.004621430826187
/m/04sctw	henning	21.001261430597307
/m/05zlmxv	evenings	21.0008414305687
/m/09r8l	waylon jennings	7.7832

	82.0%
Florida matches: 
/m/02xry	florida	53.83296
/m/0f2v0	miami, florida	13.525920000000001
/m/0ply0	orlando, florida	9.979199999999999
/m/0n1rj	tampa, florida	9.88992
/m/0ggh3	jacksonville, florida	9.66456

	82.66666666666667%
Grady matches: 
/m/04tscm	brady	28.80633642924786
/m/04zzfzq	grads	28.800576429162025
/m/0my37	grady county, oklahoma	7.2727200000000005
/m/04_223	grady little	7.271999999999999
/m/0nzm1	grady county, georgia	7.249680000000001

	83.33333333333333%
Nathan McCullum matches: 
/m/0g_1kn	nathan mccullum	36.009359999999994
/m/04kb7c	john nathan-turner	7.64928
/m/01nxzv	nathan lane	7.4116800000000005
/m/0d5pj	nathan bedford forrest	7.392239999999999
/m/05zpxh	joe nathan	7.3468800000000005

	84.0%
Thiesfeld matches: 
/m/04qt_s	coesfeld	24.018718568372726
/m/0dp2y1	hersfeld abbey	21.61967871136665
/m/03264g	rob liefeld	4.937759705686569
/m/0516b4	matt thiessen	4.873919709491729
/m/07bsj	tiffani thiessen	4.839359711551666

	84.66666666666667%
Google matches: 
/m/045c7b	google	38.233439999999995
/m/01m_s8	goole	30.118199281926156
/m/01y5hs	googie architecture	27.042599355254172
/m/0826w7	bogle	24.00479856920242
/m/055t58	google maps	7.97688

	85.33333333333333%
Facebook matches: 
/m/03ff00	gamebook	45.60671728162765
/m/02y1vz	facebook	36.50328
/m/09tzjm	macbook	27.09612
/m/04df57	matchbook	24.00527856917381
/m/07qtd3	abebooks	22.515749999999997

	86.0%
EADS matches: 
/m/039xj_	ear	51.34752
/m/0n3tb	eads	36.28512
/m/07m0vw	ads	27.040500000000005
/m/0dd8h2	adss	27.00054
/m/0640j_	electoral software	24.308100000000003

	86.66666666666667%
Reading Recovery matches: 
/m/029cx5	reading recovery	36.01008
/m/028hxy	headingley	18.0864
/m/016gp5	reading f.c.	8.40744
/m/0b_yz	reading, berkshire	8.37504
/m/0zlgm	reading, pennsylvania	7.75584

	87.33333333333333%
State Farm matches: 
/m/03dnbx	state farm insurance	46.891439999999996
/m/0d0xs	u.s. state	22.705199999999998
/m/016fc2	statesman	21.634128859663008
/m/05qgk8	stater	21.603024858427045
/m/05k8m5	spinefarm records	19.631808780097963

	88.0%
Arimura matches: 
/m/04601h	arima	25.7626291856575
/m/054xy9	anomura	25.73794347078323
/m/056xc6	autoregressive integrated moving average	23.156743409242626
/m/03cm7sl	haruko arimura	7.2028799999999995
/m/04crzq9	koji arimura	7.20072

	88.66666666666667%
Britain&rsquo matches: 
/m/0d7wh	briton	26.445086344785686
/m/02t88h	jacques maritain	24.350220000000004
/m/034cm	great britain	16.49016
/m/014tss	kingdom of great britain	9.21312
/m/03j38	roman britain	8.084879999999998

	89.33333333333333%
Washington matches: 
/m/081yw	washington	43.82496
/m/022zk5	ashington	32.48229513951301
/m/02gqc0	withington	28.855296429977418
/m/0rh6k	washington, d.c.	27.6012
/m/0d9jr	seattle, washington	15.2496

	90.0%
Tigers matches: 
/m/07dm6	tiger	68.76936
/m/032vq2	tiger	36.01368
/m/09fs5q	final detroit tigers game at tiger stadium	14.40504
/m/02d02	detroit tigers	11.52216
/m/0bwdn	tiger woods	8.23032

	90.66666666666667%
Watson&rsquo matches: 
/m/0718m2	watsons	30.868868878083227
/m/03xhgq	batson v. kentucky	27.020999355769153
/m/027qxv1	colin waterson	24.30378
/m/02snqk	tom watson (golfer)	7.51392
/m/04jsnx	john watson (racing driver)	7.4556000000000004

	91.33333333333333%
Henjak matches: 
/m/01669b	henan	24.702238527631756
/m/01p1pl	henna	24.034558567428586
/m/065wn_	henjo	24.00527856917381
/m/0d5w_x	matt henjak	7.21368
/m/03yf8c0	ivan henjak	7.2028799999999995

	92.0%
Siegel matches: 
/m/0c4r_x	siegel	36.00576
/m/02dxq6	siebel	30.02159928422928
/m/04b0_c	riegel am kaiserstuhl	27.00899935605526
/m/01y8d4	jerry siegel	7.39512
/m/09p0q	don siegel	7.331759999999999

	92.66666666666667%
Pearson matches: 
/m/01g317	person	30.910834592785836
/m/06b0mf	parson	30.86578316376686
/m/04khg	lester b. pearson	7.652159999999999
/m/06k9l7	toronto pearson international airport	7.58736
/m/05wrsw	david pearson	7.336799999999999

	93.33333333333333%
Deep Blue matches: 
/m/0d4qj	ibm deep blue	46.91015999999999
/m/03cb0wv	deep blues	36.00144
/m/035x4_	deepdale	24.055678566169735
/m/091w1s	deeply	20.004400953884126
/m/03gst1	deepdene	20.00400095386505

	94.0%
CSU matches: 
/m/01nhgd	cleveland state university	29.58336
/m/02d_zc	colorado state university	29.42496
/m/0fnmz	california state university	29.163600000000002
/m/02ng4z	charles sturt university	28.912319999999998
/m/05th6q	central state university	28.8864

	94.66666666666667%
Howard matches: 
/m/0gcbl9	toward	30.005399284615514
/m/02p7wpz	cowards	30.00359928465843
/m/0c6k3t	heward	30.002999284672736
/m/015_4h	cowardice	27.017399355854987
/m/0chh05	john howard	8.28

	95.33333333333333%
Dr. Watson matches: 
/m/014_w4	dr. watson	36.228959999999994
/m/0718m2	watsons	24.009118568944928
/m/02ddx2	aragatsotn	21.621600859165188
/m/09lwlk	brandtson	20.016000954437256
/m/03xhgq	batson v. kentucky	18.014000858974455

	96.0%
Zags matches: 
/m/02rpmv7	zag	36.0036
/m/025rvjy	zaks	27.001620000000003
/m/03gxl93	zak	27.001620000000003
/m/0b17h2	zagreb airport	24.32646
/m/0678f5	jerry sags	5.450220000000001

	96.66666666666667%
Raquel matches: 
/m/02vkt63	raquel	36.005039999999994
/m/04_9ks	esquel	24.018718568372726
/m/05mksl	jaque	24.002398569345473
/m/037f3	georges braque	21.716638705587386
/m/012s5j	raquel welch	7.3836

	97.33333333333333%
Knopf matches: 
/m/06bh1w	alfred a. knopf	32.8572
/m/0963y2	knop-tv	25.940160386538505
/m/01c8v0	mark knopfler	20.506949999999996
/m/0268fsv	edwin h. knopf	7.21584
/m/02ch8r	alfred a. knopf (person)	7.215120000000001

	98.0%
Tuesday matches: 
/m/0f7_n	tuesday	68.5548
/m/0f7zn	thursday	27.122040000000002
/m/08198g	thisday	25.73640061360359
/m/0cv62	domesday book	21.4515
/m/02pm6gl	monday, tuesday, wednesday, thursday, friday, saturday, sunday	14.40072

	98.66666666666667%
Kuchar matches: 
/m/03jhxf	kucha	30.07859928287029
/m/06bqc4	auchan	24.02831856780052
/m/01q61k	george kuchar	7.22232
/m/0dxcwq	matt kuchar	7.2122399999999995
/m/0h7nc2	tadeusz kuchar	7.207919999999999

	99.33333333333333%
Passan matches: 
/m/01h5td	passau	30.16439928082466
/m/0dxhlj	hassans	30.001799284701345
/m/03d80f7	jeff passan	7.2028799999999995
/m/0df31n	otto passman	6.205371490216255
/m/02pdc4	volkswagen passat	6.155999853229522

	100.0%

Total Time for 150 entries = 1331ms
	Average time per entry = 0.008873333333333334 seconds
	Processed 112.69722013523666 entries per second


